[ 3655934ms] [ERROR] Failed to load resource: the server responded with a status of 404 (Not Found) @ http://localhost:3000/videos/snowboarding-3.mp4:0
[ 3655936ms] [ERROR] Failed to load resource: the server responded with a status of 404 (Not Found) @ http://localhost:3000/videos/snowboarding-2.mp4:0
[ 3655937ms] [ERROR] Failed to load resource: the server responded with a status of 404 (Not Found) @ http://localhost:3000/videos/snowboarding-1.mp4:0
[ 3655954ms] [ERROR] Failed to load resource: the server responded with a status of 400 (Bad Request) @ http://localhost:3000/_next/image?url=%2Fphotos%2Fmount-hood.jpg&w=640&q=75:0
[ 3658958ms] [WARNING] The resource http://localhost:3000/_next/image?url=%2Fphotos%2Fheadshot.jpg&w=256&q=75 was preloaded using link preload but not used within a few seconds from the window's load event. Please make sure it has an appropriate `as` value and it is preloaded intentionally. @ http://localhost:3000/about:0
[ 5623524ms] [ERROR] Failed to load resource: the server responded with a status of 404 (Not Found) @ http://localhost:3000/videos/snowboarding-1.mp4:0
[ 5623548ms] [ERROR] Failed to load resource: the server responded with a status of 404 (Not Found) @ http://localhost:3000/videos/snowboarding-2.mp4:0
[ 5623568ms] [ERROR] Failed to load resource: the server responded with a status of 404 (Not Found) @ http://localhost:3000/videos/snowboarding-3.mp4:0
[ 5626569ms] [WARNING] The resource http://localhost:3000/_next/image?url=%2Fphotos%2Fheadshot.jpg&w=256&q=75 was preloaded using link preload but not used within a few seconds from the window's load event. Please make sure it has an appropriate `as` value and it is preloaded intentionally. @ http://localhost:3000/about:0
[ 8261622ms] [WARNING] The resource http://localhost:3000/_next/image?url=%2Fphotos%2Fheadshot.jpg&w=256&q=75 was preloaded using link preload but not used within a few seconds from the window's load event. Please make sure it has an appropriate `as` value and it is preloaded intentionally. @ http://localhost:3000/about:0
[ 8268770ms] [WARNING] The resource http://localhost:3000/_next/image?url=%2Fphotos%2Fheadshot.jpg&w=256&q=75 was preloaded using link preload but not used within a few seconds from the window's load event. Please make sure it has an appropriate `as` value and it is preloaded intentionally. @ http://localhost:3000/about:0
[11991319ms] [WARNING] The resource http://localhost:3000/_next/image?url=%2Fphotos%2Fheadshot.jpg&w=256&q=75 was preloaded using link preload but not used within a few seconds from the window's load event. Please make sure it has an appropriate `as` value and it is preloaded intentionally. @ http://localhost:3000/about:0
[12452297ms] [WARNING] The resource http://localhost:3000/_next/image?url=%2Fphotos%2Fheadshot.jpg&w=256&q=75 was preloaded using link preload but not used within a few seconds from the window's load event. Please make sure it has an appropriate `as` value and it is preloaded intentionally. @ http://localhost:3000/about:0
[12475741ms] [ERROR] WebSocket connection to 'ws://localhost:3000/_next/webpack-hmr?id=jUo5cs7lMPr8jCsK3uUyd' failed: Error in connection establishment: net::ERR_CONNECTION_REFUSED @ http://localhost:3000/_next/static/chunks/node_modules_next_dist_client_17643121._.js:10878
[12476743ms] [ERROR] WebSocket connection to 'ws://localhost:3000/_next/webpack-hmr?id=jUo5cs7lMPr8jCsK3uUyd' failed: Error in connection establishment: net::ERR_CONNECTION_REFUSED @ http://localhost:3000/_next/static/chunks/node_modules_next_dist_client_17643121._.js:10878
[12477745ms] [ERROR] WebSocket connection to 'ws://localhost:3000/_next/webpack-hmr?id=jUo5cs7lMPr8jCsK3uUyd' failed: Error in connection establishment: net::ERR_CONNECTION_REFUSED @ http://localhost:3000/_next/static/chunks/node_modules_next_dist_client_17643121._.js:10878
[12478747ms] [ERROR] WebSocket connection to 'ws://localhost:3000/_next/webpack-hmr?id=jUo5cs7lMPr8jCsK3uUyd' failed: Error in connection establishment: net::ERR_CONNECTION_REFUSED @ http://localhost:3000/_next/static/chunks/node_modules_next_dist_client_17643121._.js:10878
[12479752ms] [ERROR] WebSocket connection to 'ws://localhost:3000/_next/webpack-hmr?id=jUo5cs7lMPr8jCsK3uUyd' failed: Error in connection establishment: net::ERR_CONNECTION_REFUSED @ http://localhost:3000/_next/static/chunks/node_modules_next_dist_client_17643121._.js:10878
[12826728ms] [WARNING] Image with src "/photos/headshot.png" is using quality "90" which is not configured in images.qualities [75]. Please update your config to [75, 90].
Read more: https://nextjs.org/docs/messages/next-image-unconfigured-qualities @ http://localhost:3000/_next/static/chunks/node_modules_next_dist_f3530cac._.js:2297
[13441654ms] [WARNING] Image with src "/photos/headshot.png" is using quality "100" which is not configured in images.qualities [75]. Please update your config to [100, 75].
Read more: https://nextjs.org/docs/messages/next-image-unconfigured-qualities @ http://localhost:3000/_next/static/chunks/node_modules_next_dist_f3530cac._.js:2297
[13763512ms] [ERROR] WebSocket connection to 'ws://localhost:3000/_next/webpack-hmr?id=uTwYgs-IFQZr3wbQhzESj' failed: Error in connection establishment: net::ERR_CONNECTION_REFUSED @ http://localhost:3000/_next/static/chunks/node_modules_next_dist_client_17643121._.js:10878
[13764515ms] [ERROR] WebSocket connection to 'ws://localhost:3000/_next/webpack-hmr?id=uTwYgs-IFQZr3wbQhzESj' failed: Error in connection establishment: net::ERR_CONNECTION_REFUSED @ http://localhost:3000/_next/static/chunks/node_modules_next_dist_client_17643121._.js:10878
[13765516ms] [ERROR] WebSocket connection to 'ws://localhost:3000/_next/webpack-hmr?id=uTwYgs-IFQZr3wbQhzESj' failed: Error in connection establishment: net::ERR_CONNECTION_REFUSED @ http://localhost:3000/_next/static/chunks/node_modules_next_dist_client_17643121._.js:10878
[13769442ms] [WARNING] Image with src "/photos/headshot.png" is using quality "100" which is not configured in images.qualities [75]. Please update your config to [100, 75].
Read more: https://nextjs.org/docs/messages/next-image-unconfigured-qualities @ http://localhost:3000/_next/static/chunks/node_modules_next_dist_f3530cac._.js:2297
[15437290ms] ReferenceError: Footer is not defined
    at RootLayout (about://React/Server/file:///home/mh550/projects/portfolio_site/.next/dev/server/chunks/ssr/%5Broot-of-the-server%5D__d6cdfe2b._.js?56:135:269)
    at resolveErrorDev (http://localhost:3000/_next/static/chunks/node_modules_next_dist_compiled_react-server-dom-turbopack_9212ccad._.js:1894:106)
    at processFullStringRow (http://localhost:3000/_next/static/chunks/node_modules_next_dist_compiled_react-server-dom-turbopack_9212ccad._.js:2402:29)
    at processFullBinaryRow (http://localhost:3000/_next/static/chunks/node_modules_next_dist_compiled_react-server-dom-turbopack_9212ccad._.js:2361:9)
    at processBinaryChunk (http://localhost:3000/_next/static/chunks/node_modules_next_dist_compiled_react-server-dom-turbopack_9212ccad._.js:2470:221)
    at progress (http://localhost:3000/_next/static/chunks/node_modules_next_dist_compiled_react-server-dom-turbopack_9212ccad._.js:2640:13)
[15440092ms] [WARNING] [Fast Refresh] performing full reload because your application had an unrecoverable error @ http://localhost:3000/_next/static/chunks/node_modules_next_dist_f3530cac._.js:2297
[15440661ms] [WARNING] Image with src "/photos/headshot.png" is using quality "100" which is not configured in images.qualities [75]. Please update your config to [100, 75].
Read more: https://nextjs.org/docs/messages/next-image-unconfigured-qualities @ http://localhost:3000/_next/static/chunks/node_modules_next_dist_f3530cac._.js:2297
[15492521ms] [ERROR] ./src/components/projects/ProjectsGrid.tsx:47:13
Parsing ecmascript source code failed
  45 |           </button>
  46 |         ))}
> 47 |       </div>
     |             ^
> 48 |
     | ^
> 49 |       {/* Grid */}
     | ^^^^^^^
  50 |       <div className="grid sm:grid-cols-2 gap-6">
  51 |         {filtered.map((project, i) => (
  52 |           <ScrollReveal key={project.slug} delay={i * 0.06}>

Expected '</', got 'jsx text'

Import trace:
  Server Component:
    ./src/components/projects/ProjectsGrid.tsx
    ./src/app/projects/page.tsx @ http://localhost:3000/_next/static/chunks/node_modules_next_dist_f3530cac._.js:3127
[187147993ms] [ERROR] WebSocket connection to 'ws://localhost:3000/_next/webpack-hmr?id=uhUNY9FZY1xdhL2eBe24H' failed: Error in connection establishment: net::ERR_CONNECTION_REFUSED @ http://localhost:3000/_next/static/chunks/node_modules_next_dist_client_17643121._.js:10878
[187148998ms] [ERROR] WebSocket connection to 'ws://localhost:3000/_next/webpack-hmr?id=uhUNY9FZY1xdhL2eBe24H' failed: Error in connection establishment: net::ERR_CONNECTION_REFUSED @ http://localhost:3000/_next/static/chunks/node_modules_next_dist_client_17643121._.js:10878
[187150002ms] [ERROR] WebSocket connection to 'ws://localhost:3000/_next/webpack-hmr?id=uhUNY9FZY1xdhL2eBe24H' failed: Error in connection establishment: net::ERR_CONNECTION_REFUSED @ http://localhost:3000/_next/static/chunks/node_modules_next_dist_client_17643121._.js:10878
[187151005ms] [ERROR] WebSocket connection to 'ws://localhost:3000/_next/webpack-hmr?id=uhUNY9FZY1xdhL2eBe24H' failed: Error in connection establishment: net::ERR_CONNECTION_REFUSED @ http://localhost:3000/_next/static/chunks/node_modules_next_dist_client_17643121._.js:10878
[187152009ms] [ERROR] WebSocket connection to 'ws://localhost:3000/_next/webpack-hmr?id=uhUNY9FZY1xdhL2eBe24H' failed: Error in connection establishment: net::ERR_CONNECTION_REFUSED @ http://localhost:3000/_next/static/chunks/node_modules_next_dist_client_17643121._.js:10878
[187157017ms] [ERROR] WebSocket connection to 'ws://localhost:3000/_next/webpack-hmr?id=uhUNY9FZY1xdhL2eBe24H' failed: Error in connection establishment: net::ERR_CONNECTION_REFUSED @ http://localhost:3000/_next/static/chunks/node_modules_next_dist_client_17643121._.js:10878
